#-----------------------------------------------------------
# Vivado v2018.3 (64-bit)
# SW Build 2405991 on Thu Dec  6 23:38:27 MST 2018
# IP Build 2404404 on Fri Dec  7 01:43:56 MST 2018
# Start of session at: Sat May 27 10:21:26 2023
# Process ID: 11560
# Current directory: E:/facultate/PSN/proiect/masina_de_spalat_rufe
# Command line: vivado.exe -gui_launcher_event rodinguilauncherevent11640 E:\facultate\PSN\proiect\masina_de_spalat_rufe\masina_de_spalat_rufe.xpr
# Log file: E:/facultate/PSN/proiect/masina_de_spalat_rufe/vivado.log
# Journal file: E:/facultate/PSN/proiect/masina_de_spalat_rufe\vivado.jou
#-----------------------------------------------------------
start_gui
open_project E:/facultate/PSN/proiect/masina_de_spalat_rufe/masina_de_spalat_rufe.xpr
INFO: [Project 1-313] Project file moved from 'C:/Users/user/masina_de_spalat_rufe' since last save.
Scanning sources...
Finished scanning sources
INFO: [IP_Flow 19-234] Refreshing IP repositories
INFO: [IP_Flow 19-1704] No user IP repositories specified
INFO: [IP_Flow 19-2313] Loaded Vivado IP repository 'C:/Xilinx/Vivado/2018.3/data/ip'.
open_project: Time (s): cpu = 00:00:21 ; elapsed = 00:00:08 . Memory (MB): peak = 669.047 ; gain = 61.320
update_compile_order -fileset sources_1
exit
INFO: [Common 17-206] Exiting Vivado at Sat May 27 10:22:16 2023...
